2026-01-16 18:53:07,038 | INFO | USER_QUERY | Intent: None | Query: help me write a leave application
2026-01-16 18:53:08,104 | INFO | USER_QUERY | Intent: INFO_QUERY | Query: help me write a leave application
2026-01-16 18:53:09,193 | INFO | SYSTEM_RESPONSE | Type: INFO_QUERY | Content: Answer:
The requested information is not available in the provided document.

Citations:
N/A
2026-01-16 18:53:34,361 | INFO | USER_QUERY | Intent: None | Query: provide all the laws  mentioned in the HCL tech
2026-01-16 18:53:36,340 | INFO | USER_QUERY | Intent: INFO_QUERY | Query: provide all the laws  mentioned in the HCL tech
2026-01-16 18:53:38,912 | INFO | SYSTEM_RESPONSE | Type: INFO_QUERY | Content: Answer:
The laws mentioned in the HCLTech Annual Report include:
1. The Special Economic Zone Act, 2005
2. Software Technology Parks of India Rules and Regulations
3. The Companies Act (referred to as
2026-01-16 18:53:53,947 | INFO | USER_QUERY | Intent: None | Query: systematically describe all the laws
2026-01-16 18:53:54,553 | INFO | USER_QUERY | Intent: INFO_QUERY | Query: systematically describe all the laws
2026-01-16 18:54:04,609 | INFO | SYSTEM_RESPONSE | Type: INFO_QUERY | Content: Answer:
The laws and regulations mentioned in the HCLTech Annual Report include:
1. The Companies Act, 2013 and the rules made thereunder.
2. The Securities Contracts (Regulation) Act, 1956 and the ru
2026-01-16 18:54:46,310 | INFO | USER_QUERY | Intent: None | Query: brief them into bullet points - in order to put them in slides
2026-01-16 18:54:47,229 | INFO | USER_QUERY | Intent: INFO_QUERY | Query: brief them into bullet points - in order to put them in slides
2026-01-16 18:54:51,994 | INFO | SYSTEM_RESPONSE | Type: INFO_QUERY | Content: Answer:
- **Board/Committee Meetings**:
  - Resolutions passed by circulation in case of business exigencies or urgency.
  - Venue informed in advance; directors expected to attend in person or via vi
2026-01-16 18:55:11,932 | INFO | USER_QUERY | Intent: None | Query: briefen the board directorzz part
2026-01-16 18:55:12,655 | INFO | USER_QUERY | Intent: INFO_QUERY | Query: briefen the board directorzz part
2026-01-16 18:55:16,972 | INFO | SYSTEM_RESPONSE | Type: INFO_QUERY | Content: Answer:
- **Board/Committee Meetings**:
  - Resolutions passed by circulation in case of business exigencies or urgency.
  - Venue informed in advance; directors expected to attend in person or via vi
2026-01-16 18:55:50,051 | INFO | USER_QUERY | Intent: None | Query: i am havving issues with my VPN , what should i do and how should i proced
2026-01-16 18:55:50,631 | INFO | USER_QUERY | Intent: ACTION_REQUEST | Query: i am havving issues with my VPN , what should i do and how should i proced
2026-01-16 18:55:51,442 | INFO | ACTION | Type: create_it_ticket | Status: PENDING
