2026-01-16 20:34:25,635 | INFO | USER_QUERY | Intent: None | Query: how to prepare for hr role in hcl tech
2026-01-16 20:34:26,379 | INFO | USER_QUERY | Intent: INFO_QUERY | Query: how to prepare for hr role in hcl tech
2026-01-16 20:34:28,452 | INFO | SYSTEM_RESPONSE | Type: INFO_QUERY | Content: Answer:
The HCLTech Annual Report does not provide specific guidance on preparing for an HR role within the company. It mentions general policies and practices related to employee safety, workplace co
2026-01-16 20:34:42,847 | INFO | USER_QUERY | Intent: None | Query: average annual salary of hcl tech fresher
2026-01-16 20:34:43,391 | INFO | USER_QUERY | Intent: INFO_QUERY | Query: average annual salary of hcl tech fresher
2026-01-16 20:34:44,747 | INFO | SYSTEM_RESPONSE | Type: INFO_QUERY | Content: Answer:
The requested information is not available in the provided document.

Citations:
N/A
2026-01-16 20:35:05,768 | INFO | USER_QUERY | Intent: None | Query: founder of hcl tech hall at iit kharagpur
2026-01-16 20:35:06,469 | INFO | USER_QUERY | Intent: INFO_QUERY | Query: founder of hcl tech hall at iit kharagpur
2026-01-16 20:35:07,881 | INFO | SYSTEM_RESPONSE | Type: INFO_QUERY | Content: Answer:
The requested information is not available in the provided document.

Citations:
N/A
2026-01-16 20:35:20,250 | INFO | USER_QUERY | Intent: None | Query: info about hclfounder
2026-01-16 20:35:20,784 | INFO | USER_QUERY | Intent: INFO_QUERY | Query: info about hclfounder
2026-01-16 20:35:22,048 | INFO | SYSTEM_RESPONSE | Type: INFO_QUERY | Content: Answer:
The HCLTech Annual Report does not provide specific information about the founder of HCLTech.

Citations:
N/A
2026-01-16 20:35:51,053 | INFO | USER_QUERY | Intent: None | Query: hcl tech is known fowr whc]ich product?
2026-01-16 20:35:51,561 | INFO | USER_QUERY | Intent: INFO_QUERY | Query: hcl tech is known fowr whc]ich product?
2026-01-16 20:35:52,959 | INFO | SYSTEM_RESPONSE | Type: INFO_QUERY | Content: Answer:
The HCLTech Annual Report does not explicitly list specific products associated with HCLTech.

Citations:
N/A
2026-01-16 20:36:47,284 | INFO | USER_QUERY | Intent: None | Query: tell me about HR department
2026-01-16 20:36:47,831 | INFO | USER_QUERY | Intent: INFO_QUERY | Query: tell me about HR department
2026-01-16 20:36:50,085 | INFO | SYSTEM_RESPONSE | Type: INFO_QUERY | Content: Answer:
The HCLTech Annual Report mentions that the HR department is responsible for addressing human rights-related issues. Srinivasan Govindan, Vice President – People Function, is the focal point f
2026-01-16 20:36:56,609 | INFO | USER_QUERY | Intent: None | Query: rules and regluations
2026-01-16 20:36:57,235 | INFO | USER_QUERY | Intent: INFO_QUERY | Query: rules and regluations
2026-01-16 20:37:00,773 | INFO | SYSTEM_RESPONSE | Type: INFO_QUERY | Content: Answer:
The HCLTech Annual Report mentions compliance with various statutory and regulatory requirements, including:
- The Companies Act, 2013 and its rules.
- The Securities Contracts (Regulation) Ac
2026-01-16 20:37:30,540 | INFO | USER_QUERY | Intent: None | Query: What is the revenue growth?
2026-01-16 20:37:31,054 | INFO | USER_QUERY | Intent: INFO_QUERY | Query: What is the revenue growth?
2026-01-16 20:37:33,196 | INFO | SYSTEM_RESPONSE | Type: INFO_QUERY | Content: Answer:
The revenue growth rate for the next 5 years is as follows:
- IT and Business Services: 6.8%
- Engineering and R&D Services: 5.1%
- HCLSoftware: 1.0%

Citations:
Page 284, Page 361
2026-01-16 20:37:40,639 | INFO | USER_QUERY | Intent: None | Query: is it better than last year?
2026-01-16 20:37:41,618 | INFO | USER_QUERY | Intent: INFO_QUERY | Query: is it better than last year?
2026-01-16 20:37:42,993 | INFO | SYSTEM_RESPONSE | Type: INFO_QUERY | Content: Answer:
Yes, HCLTech's performance in FY25 was better than the previous year. The company achieved best-in-class growth for the second consecutive year, with services revenue exceeding ₹100,000 crores
2026-01-16 20:37:58,622 | INFO | USER_QUERY | Intent: None | Query: I am facing issues with starting up my vpn app
2026-01-16 20:38:00,346 | INFO | USER_QUERY | Intent: ACTION_REQUEST | Query: I am facing issues with starting up my vpn app
2026-01-16 20:38:01,368 | INFO | ACTION | Type: create_it_ticket | Status: PENDING
2026-01-16 20:47:08,259 | INFO | USER_QUERY | Intent: None | Query: are you there? create me a ticket to setup an HR meeting
2026-01-16 20:47:08,981 | INFO | USER_QUERY | Intent: ACTION_REQUEST | Query: are you there? create me a ticket to setup an HR meeting
2026-01-16 20:47:09,921 | INFO | ACTION | Type: schedule_hr_meeting | Status: PENDING
